#
# There is insufficient memory for the Java Runtime Environment to continue.
# Native memory allocation (malloc) failed to allocate 1048576 bytes for AllocateHeap
# Possible reasons:
#   The system is out of physical RAM or swap space
#   The process is running with CompressedOops enabled, and the Java Heap may be blocking the growth of the native heap
# Possible solutions:
#   Reduce memory load on the system
#   Increase physical memory or swap space
#   Check if swap backing store is full
#   Decrease Java heap size (-Xmx/-Xms)
#   Decrease number of Java threads
#   Decrease Java thread stack sizes (-Xss)
#   Set larger code cache with -XX:ReservedCodeCacheSize=
#   JVM is running with Unscaled Compressed Oops mode in which the Java heap is
#     placed in the first 4GB address space. The Java Heap base address is the
#     maximum limit for the native heap growth. Please use -XX:HeapBaseMinAddress
#     to set the Java Heap base and to place the Java Heap above 4GB virtual address.
# This output file may be truncated or incomplete.
#
#  Out of Memory Error (memory/allocation.inline.hpp:61), pid=16440, tid=0x0000000000002128
#
# JRE version:  (8.0_221-b11) (build )
# Java VM: Java HotSpot(TM) 64-Bit Server VM (25.221-b11 mixed mode windows-amd64 compressed oops)
# Failed to write core dump. Minidumps are not enabled by default on client versions of Windows
#

---------------  T H R E A D  ---------------

Current thread (0x000000000248d800):  JavaThread "Unknown thread" [_thread_in_vm, id=8488, stack(0x00000000022e0000,0x00000000023e0000)]

Stack: [0x00000000022e0000,0x00000000023e0000]
[error occurred during error reporting (printing stack bounds), id 0xc0000005]

Native frames: (J=compiled Java code, j=interpreted, Vv=VM code, C=native code)


---------------  P R O C E S S  ---------------

Java Threads: ( => current thread )

Other Threads:

=>0x000000000248d800 (exited) JavaThread "Unknown thread" [_thread_in_vm, id=8488, stack(0x00000000022e0000,0x00000000023e0000)]

VM state:not at safepoint (normal execution)

VM Mutex/Monitor currently owned by a thread: None

heap address: 0x0000000082a00000, size: 2006 MB, Compressed Oops mode: 32-bit
Narrow klass base: 0x0000000000000000, Narrow klass shift: 3
Compressed class space size: 1073741824 Address: 0x0000000100000000

Heap:
 PSYoungGen      total 37888K, used 655K [0x00000000d6380000, 0x00000000d8d80000, 0x0000000100000000)
  eden space 32768K, 2% used [0x00000000d6380000,0x00000000d6423d80,0x00000000d8380000)
  from space 5120K, 0% used [0x00000000d8880000,0x00000000d8880000,0x00000000d8d80000)
  to   space 5120K, 0% used [0x00000000d8380000,0x00000000d8380000,0x00000000d8880000)
 ParOldGen       total 86016K, used 0K [0x0000000082a00000, 0x0000000087e00000, 0x00000000d6380000)
  object space 86016K, 0% used [0x0000000082a00000,0x0000000082a00000,0x0000000087e00000)
 Metaspace       used 752K, capacity 4480K, committed 4480K, reserved 1056768K
  class space    used 76K, capacity 384K, committed 384K, reserved 1048576K

Card table byte_map: [0x0000000011950000,0x0000000011d40000] byte_map_base: 0x000000001153b000

Marking Bits: (ParMarkBitMap*) 0x000000005eb45ce0
 Begin Bits: [0x00000000127e0000, 0x0000000014738000)
 End Bits:   [0x0000000014738000, 0x0000000016690000)

Polling page: 0x0000000000a70000

CodeCache: size=245760Kb used=328Kb max_used=328Kb free=245431Kb
 bounds [0x0000000002590000, 0x0000000002800000, 0x0000000011590000]
 total_blobs=58 nmethods=0 adapters=38
 compilation: enabled

Compilation events (0 events):
No events

GC Heap History (0 events):
No events

Deoptimization events (0 events):
No events

Classes redefined (0 events):
No events

Internal exceptions (0 events):
No events

Events (10 events):
Event: 0.021 loading class java/lang/Short
Event: 0.021 loading class java/lang/Short done
Event: 0.021 loading class java/lang/Integer
Event: 0.021 loading class java/lang/Integer done
Event: 0.021 loading class java/lang/Long
Event: 0.021 loading class java/lang/Long done
Event: 0.022 loading class java/lang/NullPointerException
Event: 0.022 loading class java/lang/NullPointerException done
Event: 0.022 loading class java/lang/ArithmeticException
Event: 0.022 loading class java/lang/ArithmeticException done


Dynamic libraries:
0x00007ff7038e0000 - 0x00007ff703917000 	C:\Program Files\Java\jre1.8.0_221\bin\javaw.exe
0x00007fff2d080000 - 0x00007fff2d252000 	C:\Windows\SYSTEM32\ntdll.dll
0x00007fff2ac90000 - 0x00007fff2ad3c000 	C:\Windows\System32\KERNEL32.DLL
0x00007fff296a0000 - 0x00007fff298bd000 	C:\Windows\System32\KERNELBASE.dll
0x00007fff2b410000 - 0x00007fff2b4b2000 	C:\Windows\System32\ADVAPI32.dll
0x00007fff2a740000 - 0x00007fff2a7de000 	C:\Windows\System32\msvcrt.dll
0x00007fff2ce60000 - 0x00007fff2ceb9000 	C:\Windows\System32\sechost.dll
0x00007fff2a610000 - 0x00007fff2a731000 	C:\Windows\System32\RPCRT4.dll
0x00007fff2b5b0000 - 0x00007fff2b715000 	C:\Windows\System32\USER32.dll
0x00007fff29680000 - 0x00007fff2969e000 	C:\Windows\System32\win32u.dll
0x00007fff2b330000 - 0x00007fff2b364000 	C:\Windows\System32\GDI32.dll
0x00007fff2a490000 - 0x00007fff2a610000 	C:\Windows\System32\gdi32full.dll
0x00007fff1f0d0000 - 0x00007fff1f34a000 	C:\Windows\WinSxS\amd64_microsoft.windows.common-controls_6595b64144ccf1df_6.0.14393.953_none_42151e83c686086b\COMCTL32.dll
0x00007fff2a7e0000 - 0x00007fff2aaa8000 	C:\Windows\System32\combase.dll
0x00007fff2a390000 - 0x00007fff2a485000 	C:\Windows\System32\ucrtbase.dll
0x00007fff298c0000 - 0x00007fff2992a000 	C:\Windows\System32\bcryptPrimitives.dll
0x00007fff2aab0000 - 0x00007fff2aade000 	C:\Windows\System32\IMM32.DLL
0x000000005e160000 - 0x000000005e232000 	C:\Program Files\Java\jre1.8.0_221\bin\msvcr100.dll
0x000000005e320000 - 0x000000005ebc5000 	C:\Program Files\Java\jre1.8.0_221\bin\server\jvm.dll
0x00007fff2b5a0000 - 0x00007fff2b5a8000 	C:\Windows\System32\PSAPI.DLL
0x00007fff1a5c0000 - 0x00007fff1a5c9000 	C:\Windows\SYSTEM32\WSOCK32.dll
0x00007fff26b40000 - 0x00007fff26b63000 	C:\Windows\SYSTEM32\WINMM.dll
0x00007fff223f0000 - 0x00007fff223fa000 	C:\Windows\SYSTEM32\VERSION.dll
0x00007fff2b4c0000 - 0x00007fff2b52a000 	C:\Windows\System32\WS2_32.dll
0x00007fff26a00000 - 0x00007fff26a2b000 	C:\Windows\SYSTEM32\WINMMBASE.dll
0x00007fff29630000 - 0x00007fff29672000 	C:\Windows\System32\cfgmgr32.dll
0x00007fff25e80000 - 0x00007fff25e8f000 	C:\Program Files\Java\jre1.8.0_221\bin\verify.dll
0x00007fff1e8a0000 - 0x00007fff1e8c9000 	C:\Program Files\Java\jre1.8.0_221\bin\java.dll
0x00007fff21b70000 - 0x00007fff21b86000 	C:\Program Files\Java\jre1.8.0_221\bin\zip.dll

VM Arguments:
jvm_args: -Dfile.encoding=Cp1252 
java_command: com.mobileHeroes.Main
java_class_path (initial): C:\Users\EnigmaCamp\eclipse-workspace\GameHeroes\bin
Launcher Type: SUN_STANDARD

Environment Variables:
PATH=C:/Program Files/Java/jre1.8.0_221/bin/server;C:/Program Files/Java/jre1.8.0_221/bin;C:/Program Files/Java/jre1.8.0_221/lib/amd64;C:\Program Files (x86)\Common Files\Oracle\Java\javapath;C:\Windows\system32;C:\Windows;C:\Windows\System32\Wbem;C:\Windows\System32\WindowsPowerShell\v1.0\;C:\Program Files\nodejs\;C:\Program Files\Git\cmd;C:\Users\EnigmaCamp\AppData\Local\Microsoft\WindowsApps;;C:\Users\EnigmaCamp\AppData\Local\Programs\Microsoft VS Code\bin;C:\Users\EnigmaCamp\AppData\Roaming\npm;E:\Software\eclipse;
USERNAME=EnigmaCamp
OS=Windows_NT
PROCESSOR_IDENTIFIER=Intel64 Family 6 Model 142 Stepping 10, GenuineIntel



---------------  S Y S T E M  ---------------

OS: Windows 10.0 , 64 bit Build 14393 (10.0.14393.2189)

CPU:total 8 (initial active 8) (4 cores per cpu, 2 threads per core) family 6 model 142 stepping 10, cmov, cx8, fxsr, mmx, sse, sse2, sse3, ssse3, sse4.1, sse4.2, popcnt, avx, avx2, aes, clmul, erms, 3dnowpref, lzcnt, ht, tsc, tscinvbit, bmi1, bmi2, adx

Memory: 4k page, physical 8216460k(1161760k free), swap 21323656k(5124k free)

vm_info: Java HotSpot(TM) 64-Bit Server VM (25.221-b11) for windows-amd64 JRE (1.8.0_221-b11), built on Jul  4 2019 04:39:29 by "java_re" with MS VC++ 10.0 (VS2010)

time: Sun Oct 06 19:59:40 2019
timezone: SE Asia Standard Time
elapsed time: 0 seconds (0d 0h 0m 0s)

